{
  "0 debug pnpm:scope": {
    "selected": 1
  },
  "1 error pnpm": {
    "message": {
      "code": "ELIFECYCLE",
      "errno": "ENOENT",
      "syscall": "spawn",
      "file": "sh",
      "pkgid": "@fablevision/word-timings@0.7.4",
      "stage": "build",
      "script": "tsc",
      "pkgname": "@fablevision/word-timings"
    },
    "err": {
      "name": "Error",
      "message": "@fablevision/word-timings@0.7.4 build: `tsc`\nspawn ENOENT",
      "code": "ELIFECYCLE",
      "stack": "Error: @fablevision/word-timings@0.7.4 build: `tsc`\nspawn ENOENT\n    at ChildProcess.<anonymous> (/usr/local/lib/node_modules/pnpm/dist/pnpm.js:88726:20)\n    at ChildProcess.emit (node:events:390:28)\n    at maybeClose (node:internal/child_process:1064:16)\n    at Process.ChildProcess._handle.onexit (node:internal/child_process:301:5)"
    }
  }
}